1690849103436	geckodriver	INFO	Listening on 127.0.0.1:60544
1690849106521	mozrunner::runner	INFO	Running command: "C:\\Program Files (x86)\\ParseHub\\parsehub.exe" "--marionette" "--remote-debugging-port" "60545" "--remote-allow-hosts" "localhost" "-no-remote" "-profile" "C:\\Users\\WARMAC~1\\AppData\\Local\\Temp\\rust_mozprofileISK6LO"
JavaScript error: , line 0: uncaught exception: updater
JavaScript error: , line 0: uncaught exception: updater
JavaScript error: , line 0: uncaught exception: updater
JavaScript error: , line 0: uncaught exception: updater
JavaScript error: , line 0: uncaught exception: updater
JavaScript error: , line 0: uncaught exception: updater
JavaScript error: , line 0: uncaught exception: updater
JavaScript error: , line 0: uncaught exception: updater
JavaScript error: , line 0: uncaught exception: updater
JavaScript error: , line 0: uncaught exception: updater
JavaScript error: , line 0: uncaught exception: updater
JavaScript error: , line 0: uncaught exception: updater
JavaScript error: , line 0: uncaught exception: updater
JavaScript error: , line 0: uncaught exception: updater
JavaScript error: , line 0: uncaught exception: updater
JavaScript error: , line 0: uncaught exception: updater
JavaScript error: , line 0: uncaught exception: updater
JavaScript error: , line 0: uncaught exception: updater
JavaScript error: , line 0: uncaught exception: updater
JavaScript error: , line 0: uncaught exception: updater
JavaScript error: , line 0: uncaught exception: updater
JavaScript error: , line 0: uncaught exception: updater
JavaScript error: , line 0: uncaught exception: updater
JavaScript error: , line 0: uncaught exception: updater
JavaScript error: , line 0: uncaught exception: updater
JavaScript error: https://www.parsehub.com/static/js/build/bdemocall.bundle.js, line 2: ReferenceError: $$ is not defined
JavaScript error: https://calendly.com/assets/external/widget.js, line 1: SyntaxError: expected property name, got '...'
JavaScript error: , line 0: uncaught exception: updater
JavaScript error: , line 0: uncaught exception: updater
JavaScript error: , line 0: uncaught exception: updater
JavaScript error: , line 0: uncaught exception: updater
JavaScript error: , line 0: uncaught exception: updater
JavaScript error: , line 0: uncaught exception: updater
JavaScript error: , line 0: uncaught exception: updater
JavaScript error: , line 0: uncaught exception: updater
JavaScript error: , line 0: uncaught exception: updater
JavaScript error: , line 0: uncaught exception: updater
JavaScript error: , line 0: uncaught exception: updater
JavaScript error: , line 0: uncaught exception: updater
JavaScript error: , line 0: uncaught exception: updater
JavaScript error: , line 0: uncaught exception: updater
JavaScript error: , line 0: uncaught exception: updater
JavaScript error: , line 0: uncaught exception: updater
JavaScript error: , line 0: uncaught exception: updater
JavaScript error: , line 0: uncaught exception: updater
JavaScript error: , line 0: uncaught exception: updater
JavaScript error: , line 0: uncaught exception: updater
JavaScript error: , line 0: uncaught exception: updater
JavaScript error: , line 0: uncaught exception: updater
JavaScript error: , line 0: uncaught exception: updater
JavaScript error: , line 0: uncaught exception: updater
JavaScript error: , line 0: uncaught exception: updater
JavaScript error: , line 0: uncaught exception: updater
JavaScript error: , line 0: uncaught exception: updater
JavaScript error: , line 0: uncaught exception: updater
JavaScript error: , line 0: uncaught exception: updater
JavaScript error: , line 0: uncaught exception: updater
JavaScript error: , line 0: uncaught exception: updater
JavaScript error: , line 0: uncaught exception: updater
JavaScript error: , line 0: uncaught exception: updater
JavaScript error: , line 0: uncaught exception: updater
JavaScript error: , line 0: uncaught exception: updater
JavaScript error: , line 0: uncaught exception: updater
JavaScript error: , line 0: uncaught exception: updater
JavaScript error: , line 0: uncaught exception: updater
JavaScript error: , line 0: uncaught exception: updater
JavaScript error: , line 0: uncaught exception: updater
JavaScript error: , line 0: uncaught exception: updater
JavaScript error: , line 0: uncaught exception: updater
JavaScript error: , line 0: uncaught exception: updater
JavaScript error: , line 0: uncaught exception: updater
JavaScript error: , line 0: uncaught exception: updater
JavaScript error: , line 0: uncaught exception: updater
JavaScript error: , line 0: uncaught exception: updater
JavaScript error: , line 0: uncaught exception: updater
JavaScript error: , line 0: uncaught exception: updater
JavaScript error: , line 0: uncaught exception: updater
JavaScript error: , line 0: uncaught exception: updater
JavaScript error: , line 0: uncaught exception: updater
JavaScript error: , line 0: uncaught exception: updater
JavaScript error: , line 0: uncaught exception: updater
JavaScript error: , line 0: uncaught exception: updater
JavaScript error: , line 0: uncaught exception: updater
JavaScript error: , line 0: uncaught exception: updater
JavaScript error: , line 0: uncaught exception: updater
JavaScript error: , line 0: uncaught exception: updater
JavaScript error: , line 0: uncaught exception: updater
JavaScript error: , line 0: uncaught exception: updater
JavaScript error: , line 0: uncaught exception: updater
JavaScript error: , line 0: uncaught exception: updater
JavaScript error: , line 0: uncaught exception: updater
JavaScript error: , line 0: uncaught exception: updater
JavaScript error: , line 0: uncaught exception: updater
JavaScript error: , line 0: uncaught exception: updater
JavaScript error: , line 0: uncaught exception: updater
JavaScript error: , line 0: uncaught exception: updater
JavaScript error: , line 0: uncaught exception: updater
JavaScript error: , line 0: uncaught exception: updater
JavaScript error: , line 0: uncaught exception: updater
JavaScript error: , line 0: uncaught exception: updater
JavaScript error: , line 0: uncaught exception: updater
JavaScript error: , line 0: uncaught exception: updater
JavaScript error: , line 0: uncaught exception: updater
JavaScript error: , line 0: uncaught exception: updater
JavaScript error: , line 0: uncaught exception: updater
JavaScript error: , line 0: uncaught exception: updater
JavaScript error: , line 0: uncaught exception: updater
JavaScript error: , line 0: uncaught exception: updater
JavaScript error: , line 0: uncaught exception: updater
JavaScript error: , line 0: uncaught exception: updater
JavaScript error: , line 0: uncaught exception: updater
JavaScript error: , line 0: uncaught exception: updater
JavaScript error: , line 0: uncaught exception: updater
JavaScript error: , line 0: uncaught exception: updater
JavaScript error: , line 0: uncaught exception: updater
JavaScript error: , line 0: uncaught exception: updater
JavaScript error: , line 0: uncaught exception: updater
JavaScript error: , line 0: uncaught exception: updater
JavaScript error: , line 0: uncaught exception: updater
JavaScript error: , line 0: uncaught exception: updater
JavaScript error: , line 0: uncaught exception: updater
JavaScript error: , line 0: uncaught exception: updater
JavaScript error: , line 0: uncaught exception: updater
JavaScript error: , line 0: uncaught exception: updater
JavaScript error: , line 0: uncaught exception: updater
JavaScript error: , line 0: uncaught exception: updater
JavaScript error: , line 0: uncaught exception: updater
JavaScript error: , line 0: uncaught exception: updater
JavaScript error: , line 0: uncaught exception: updater
JavaScript error: , line 0: uncaught exception: updater
JavaScript error: , line 0: uncaught exception: updater
JavaScript error: , line 0: uncaught exception: updater
JavaScript error: , line 0: uncaught exception: updater
JavaScript error: , line 0: uncaught exception: updater
JavaScript error: , line 0: uncaught exception: updater
JavaScript error: , line 0: uncaught exception: updater
JavaScript error: , line 0: uncaught exception: updater
JavaScript error: , line 0: uncaught exception: updater
JavaScript error: , line 0: uncaught exception: updater
JavaScript error: , line 0: uncaught exception: updater
JavaScript error: , line 0: uncaught exception: updater
JavaScript error: , line 0: uncaught exception: updater
JavaScript error: , line 0: uncaught exception: updater
JavaScript error: , line 0: uncaught exception: updater
JavaScript error: , line 0: uncaught exception: updater
JavaScript error: , line 0: uncaught exception: updater
JavaScript error: , line 0: uncaught exception: updater
JavaScript error: , line 0: uncaught exception: updater
JavaScript error: , line 0: uncaught exception: updater
JavaScript error: , line 0: uncaught exception: updater
JavaScript error: , line 0: uncaught exception: updater
JavaScript error: , line 0: uncaught exception: updater
JavaScript error: , line 0: uncaught exception: updater
JavaScript error: , line 0: uncaught exception: updater
JavaScript error: , line 0: uncaught exception: updater
JavaScript error: , line 0: uncaught exception: updater
JavaScript error: , line 0: uncaught exception: updater
JavaScript error: , line 0: uncaught exception: updater
JavaScript error: , line 0: uncaught exception: updater
JavaScript error: , line 0: uncaught exception: updater
JavaScript error: , line 0: uncaught exception: updater
JavaScript error: , line 0: uncaught exception: updater
JavaScript error: , line 0: uncaught exception: updater
JavaScript error: , line 0: uncaught exception: updater
JavaScript error: , line 0: uncaught exception: updater
JavaScript error: , line 0: uncaught exception: updater
JavaScript error: , line 0: uncaught exception: updater
JavaScript error: , line 0: uncaught exception: updater
JavaScript error: , line 0: uncaught exception: updater
JavaScript error: , line 0: uncaught exception: updater
JavaScript error: , line 0: uncaught exception: updater
JavaScript error: , line 0: uncaught exception: updater
JavaScript error: , line 0: uncaught exception: updater
JavaScript error: , line 0: uncaught exception: updater
JavaScript error: , line 0: uncaught exception: updater
JavaScript error: , line 0: uncaught exception: updater
JavaScript error: , line 0: uncaught exception: updater
JavaScript error: , line 0: uncaught exception: updater
JavaScript error: , line 0: uncaught exception: updater
JavaScript error: , line 0: uncaught exception: updater
JavaScript error: , line 0: uncaught exception: updater
JavaScript error: , line 0: uncaught exception: updater
JavaScript error: , line 0: uncaught exception: updater
JavaScript error: , line 0: uncaught exception: updater
JavaScript error: , line 0: uncaught exception: updater
JavaScript error: , line 0: uncaught exception: updater
JavaScript error: , line 0: uncaught exception: updater
JavaScript error: , line 0: uncaught exception: updater
JavaScript error: , line 0: uncaught exception: updater
JavaScript error: , line 0: uncaught exception: updater
JavaScript error: , line 0: uncaught exception: updater
JavaScript error: , line 0: uncaught exception: updater
JavaScript error: , line 0: uncaught exception: updater
JavaScript error: , line 0: uncaught exception: updater
JavaScript error: , line 0: uncaught exception: updater
JavaScript error: , line 0: uncaught exception: updater
JavaScript error: , line 0: uncaught exception: updater
