1690848980804	geckodriver	INFO	Listening on 127.0.0.1:60408
1690848983886	mozrunner::runner	INFO	Running command: "C:\\Program Files (x86)\\ParseHub\\parsehub.exe" "--marionette" "--remote-debugging-port" "60409" "--remote-allow-hosts" "localhost" "-no-remote" "-profile" "C:\\Users\\WARMAC~1\\AppData\\Local\\Temp\\rust_mozprofileXaDisZ"
JavaScript error: , line 0: uncaught exception: updater
JavaScript error: , line 0: uncaught exception: updater
JavaScript error: , line 0: uncaught exception: updater
JavaScript error: , line 0: uncaught exception: updater
JavaScript error: , line 0: uncaught exception: updater
JavaScript error: , line 0: uncaught exception: updater
JavaScript error: , line 0: uncaught exception: updater
JavaScript error: , line 0: uncaught exception: updater
JavaScript error: , line 0: uncaught exception: updater
JavaScript error: , line 0: uncaught exception: updater
JavaScript error: , line 0: uncaught exception: updater
JavaScript error: , line 0: uncaught exception: updater
JavaScript error: , line 0: uncaught exception: updater
JavaScript error: , line 0: uncaught exception: updater
JavaScript error: , line 0: uncaught exception: updater
JavaScript error: , line 0: uncaught exception: updater
JavaScript error: , line 0: uncaught exception: updater
JavaScript error: , line 0: uncaught exception: updater
JavaScript error: , line 0: uncaught exception: updater
JavaScript error: , line 0: uncaught exception: updater
JavaScript error: https://www.parsehub.com/static/js/build/bdemocall.bundle.js, line 2: ReferenceError: $$ is not defined
JavaScript error: https://calendly.com/assets/external/widget.js, line 1: SyntaxError: expected property name, got '...'
JavaScript error: , line 0: uncaught exception: updater
JavaScript error: , line 0: uncaught exception: updater
JavaScript error: , line 0: uncaught exception: updater
JavaScript error: , line 0: uncaught exception: updater
JavaScript error: , line 0: uncaught exception: updater
JavaScript error: , line 0: uncaught exception: updater
JavaScript error: , line 0: uncaught exception: updater
JavaScript error: , line 0: uncaught exception: updater
JavaScript error: , line 0: uncaught exception: updater
JavaScript error: , line 0: uncaught exception: updater
JavaScript error: , line 0: uncaught exception: updater
JavaScript error: , line 0: uncaught exception: updater
JavaScript error: , line 0: uncaught exception: updater
JavaScript error: , line 0: uncaught exception: updater
JavaScript error: , line 0: uncaught exception: updater
JavaScript error: , line 0: uncaught exception: updater
JavaScript error: , line 0: uncaught exception: updater
JavaScript error: , line 0: uncaught exception: updater
JavaScript error: , line 0: uncaught exception: updater
JavaScript error: , line 0: uncaught exception: updater
JavaScript error: , line 0: uncaught exception: updater
JavaScript error: , line 0: uncaught exception: updater
JavaScript error: , line 0: uncaught exception: updater
JavaScript error: , line 0: uncaught exception: updater
JavaScript error: , line 0: uncaught exception: updater
JavaScript error: , line 0: uncaught exception: updater
JavaScript error: , line 0: uncaught exception: updater
JavaScript error: , line 0: uncaught exception: updater
JavaScript error: , line 0: uncaught exception: updater
JavaScript error: , line 0: uncaught exception: updater
JavaScript error: , line 0: uncaught exception: updater
JavaScript error: , line 0: uncaught exception: updater
JavaScript error: , line 0: uncaught exception: updater
JavaScript error: , line 0: uncaught exception: updater
JavaScript error: , line 0: uncaught exception: updater
JavaScript error: , line 0: uncaught exception: updater
JavaScript error: , line 0: uncaught exception: updater
JavaScript error: , line 0: uncaught exception: updater
JavaScript error: , line 0: uncaught exception: updater
JavaScript error: , line 0: uncaught exception: updater
JavaScript error: , line 0: uncaught exception: updater
JavaScript error: , line 0: uncaught exception: updater
JavaScript error: , line 0: uncaught exception: updater
JavaScript error: , line 0: uncaught exception: updater
JavaScript error: , line 0: uncaught exception: updater
JavaScript error: , line 0: uncaught exception: updater
JavaScript error: , line 0: uncaught exception: updater
JavaScript error: , line 0: uncaught exception: updater
JavaScript error: , line 0: uncaught exception: updater
JavaScript error: , line 0: uncaught exception: updater
JavaScript error: , line 0: uncaught exception: updater
JavaScript error: , line 0: uncaught exception: updater
JavaScript error: , line 0: uncaught exception: updater
JavaScript error: , line 0: uncaught exception: updater
JavaScript error: , line 0: uncaught exception: updater
JavaScript error: , line 0: uncaught exception: updater
JavaScript error: , line 0: uncaught exception: updater
JavaScript error: , line 0: uncaught exception: updater
JavaScript error: , line 0: uncaught exception: updater
JavaScript error: , line 0: uncaught exception: updater
JavaScript error: , line 0: uncaught exception: updater
JavaScript error: , line 0: uncaught exception: updater
JavaScript error: , line 0: uncaught exception: updater
JavaScript error: , line 0: uncaught exception: updater
JavaScript error: , line 0: uncaught exception: updater
JavaScript error: , line 0: uncaught exception: updater
JavaScript error: , line 0: uncaught exception: updater
JavaScript error: , line 0: uncaught exception: updater
JavaScript error: , line 0: uncaught exception: updater
JavaScript error: , line 0: uncaught exception: updater
JavaScript error: , line 0: uncaught exception: updater
JavaScript error: , line 0: uncaught exception: updater
JavaScript error: , line 0: uncaught exception: updater
JavaScript error: , line 0: uncaught exception: updater
JavaScript error: , line 0: uncaught exception: updater
JavaScript error: , line 0: uncaught exception: updater
JavaScript error: , line 0: uncaught exception: updater
JavaScript error: , line 0: uncaught exception: updater
JavaScript error: , line 0: uncaught exception: updater
JavaScript error: , line 0: uncaught exception: updater
JavaScript error: , line 0: uncaught exception: updater
JavaScript error: , line 0: uncaught exception: updater
JavaScript error: , line 0: uncaught exception: updater
JavaScript error: , line 0: uncaught exception: updater
JavaScript error: , line 0: uncaught exception: updater
JavaScript error: , line 0: uncaught exception: updater
JavaScript error: , line 0: uncaught exception: updater
JavaScript error: , line 0: uncaught exception: updater
JavaScript error: , line 0: uncaught exception: updater
JavaScript error: , line 0: uncaught exception: updater
JavaScript error: , line 0: uncaught exception: updater
JavaScript error: , line 0: uncaught exception: updater
JavaScript error: , line 0: uncaught exception: updater
JavaScript error: , line 0: uncaught exception: updater
JavaScript error: , line 0: uncaught exception: updater
JavaScript error: , line 0: uncaught exception: updater
JavaScript error: , line 0: uncaught exception: updater
JavaScript error: , line 0: uncaught exception: updater
JavaScript error: , line 0: uncaught exception: updater
JavaScript error: , line 0: uncaught exception: updater
1690849000517	addons.repository	WARN	Search failed when adding add-ons to cache
JavaScript error: , line 0: uncaught exception: updater
JavaScript error: , line 0: uncaught exception: updater
JavaScript error: chrome://phapp/content/js/build/src.bundle.js, line 2: TypeError: n.angular is undefined
JavaScript error: chrome://phapp/content/js/build/app.js, line 1: TypeError: t.mcd is null
JavaScript error: chrome://phapp/content/js/build/app.js, line 1: TypeError: t.mcd is null
JavaScript error: https://www.momentcrm.com/static/js/bundle-embedasync.js, line 2: Error: Permission denied to access property "type"
JavaScript error: https://www.momentcrm.com/static/js/bundle-embedasync.js, line 2: Error: Permission denied to access property "type"
